[    23.722] 
X.Org X Server 1.21.1.14
X Protocol Version 11, Revision 0
[    23.722] Current Operating System: Linux BATOCERA 6.15.11 #1 SMP PREEMPT_DYNAMIC Mon Oct  6 13:09:20 Europe 2025 x86_64
[    23.722] Kernel command line: BOOT_IMAGE=/boot/linux label=BATOCERA console=tty3 quiet loglevel=0 vt.global_cursor_default=0 amdgpu.dc=0 initrd=/boot/initrd.gz
[    23.722]  
[    23.722] Current version of pixman: 0.43.4
[    23.722] 	Before reporting problems, check http://wiki.x.org
	to make sure that you have the latest version.
[    23.722] Markers: (--) probed, (**) from config file, (==) default setting,
	(++) from command line, (!!) notice, (II) informational,
	(WW) warning, (EE) error, (NI) not implemented, (??) unknown.
[    23.722] (==) Log file: "/var/log/Xorg.0.log", Time: Fri Mar 27 18:10:14 2026
[    23.724] (==) Using config directory: "/etc/X11/xorg.conf.d"
[    23.724] (==) Using system config directory "/usr/share/X11/xorg.conf.d"
[    23.725] (==) No Layout section.  Using the first Screen section.
[    23.725] (==) No screen section available. Using defaults.
[    23.725] (**) |-->Screen "Default Screen Section" (0)
[    23.725] (**) |   |-->Monitor "<default monitor>"
[    23.726] (==) No device specified for screen "Default Screen Section".
	Using the first device section listed.
[    23.726] (**) |   |-->Device "Device0"
[    23.726] (==) No monitor specified for screen "Default Screen Section".
	Using a default monitor configuration.
[    23.726] (**) Allowing byte-swapped clients
[    23.726] (==) Automatically adding devices
[    23.726] (==) Automatically enabling devices
[    23.726] (==) Automatically adding GPU devices
[    23.726] (==) Automatically binding GPU devices
[    23.727] (==) Max clients allowed: 256, resource mask: 0x1fffff
[    23.728] (WW) The directory "/usr/share/fonts/X11//TTF/" does not exist.
[    23.728] 	Entry deleted from font path.
[    23.728] (WW) The directory "/usr/share/fonts/X11//OTF/" does not exist.
[    23.728] 	Entry deleted from font path.
[    23.728] (WW) The directory "/usr/share/fonts/X11//Type1/" does not exist.
[    23.728] 	Entry deleted from font path.
[    23.728] (WW) `fonts.dir' not found (or not valid) in "/usr/share/fonts/X11//100dpi/".
[    23.728] 	Entry deleted from font path.
[    23.728] 	(Run 'mkfontdir' on "/usr/share/fonts/X11//100dpi/").
[    23.728] (WW) `fonts.dir' not found (or not valid) in "/usr/share/fonts/X11//75dpi/".
[    23.728] 	Entry deleted from font path.
[    23.728] 	(Run 'mkfontdir' on "/usr/share/fonts/X11//75dpi/").
[    23.728] (==) FontPath set to:
	/usr/share/fonts/X11//misc/
[    23.728] (==) ModulePath set to "/usr/lib/xorg/modules"
[    23.728] (II) The server relies on udev to provide the list of input devices.
	If no devices become available, reconfigure udev or disable AutoAddDevices.
[    23.728] (II) Loader magic: 0x638d40
[    23.728] (II) Module ABI versions:
[    23.728] 	X.Org ANSI C Emulation: 0.4
[    23.728] 	X.Org Video Driver: 25.2
[    23.728] 	X.Org XInput driver : 24.4
[    23.728] 	X.Org Server Extension : 10.0
[    23.728] (II) xfree86: Adding drm device (/dev/dri/card0)
[    23.728] (II) Platform probe for /sys/devices/pci0000:00/0000:00:01.0/drm/card0
[    23.737] (--) PCI:*(0@0:1:0) 1002:9874:103c:8266 rev 228, Mem @ 0xe0000000/268435456, 0xf0000000/8388608, 0xf0c00000/262144, I/O @ 0x00003000/256, BIOS @ 0x????????/131072
[    23.737] (WW) Open ACPI failed (/var/run/acpid.socket) (Connection refused)
[    23.737] (II) LoadModule: "glx"
[    23.739] (II) Loading /usr/lib/xorg/modules/extensions/libglx.so
[    23.746] (II) Module glx: vendor="X.Org Foundation"
[    23.746] 	compiled for 1.21.1.14, module version = 1.0.0
[    23.746] 	ABI class: X.Org Server Extension, version 10.0
[    23.746] (II) Applying OutputClass "Fix AMD Tearing and add VRR" to /dev/dri/card0
[    23.746] 	loading driver: amdgpu
[    23.746] (==) Matched amdgpu as autoconfigured driver 0
[    23.746] (==) Matched ati as autoconfigured driver 1
[    23.746] (==) Matched modesetting as autoconfigured driver 2
[    23.746] (==) Matched fbdev as autoconfigured driver 3
[    23.746] (==) Matched vesa as autoconfigured driver 4
[    23.746] (==) Assigned the driver to the xf86ConfigLayout
[    23.746] (II) LoadModule: "amdgpu"
[    23.751] (WW) Warning, couldn't open module amdgpu
[    23.751] (EE) Failed to load module "amdgpu" (module does not exist, 0)
[    23.751] (II) LoadModule: "ati"
[    23.751] (II) Loading /usr/lib/xorg/modules/drivers/ati_drv.so
[    23.752] (II) Module ati: vendor="X.Org Foundation"
[    23.752] 	compiled for 1.21.1.14, module version = 22.0.0
[    23.752] 	Module class: X.Org Video Driver
[    23.752] 	ABI class: X.Org Video Driver, version 25.2
[    23.759] (II) LoadModule: "modesetting"
[    23.760] (II) Loading /usr/lib/xorg/modules/drivers/modesetting_drv.so
[    23.762] (II) Module modesetting: vendor="X.Org Foundation"
[    23.762] 	compiled for 1.21.1.14, module version = 1.21.1
[    23.762] 	Module class: X.Org Video Driver
[    23.762] 	ABI class: X.Org Video Driver, version 25.2
[    23.762] (II) LoadModule: "fbdev"
[    23.762] (WW) Warning, couldn't open module fbdev
[    23.762] (EE) Failed to load module "fbdev" (module does not exist, 0)
[    23.762] (II) LoadModule: "vesa"
[    23.762] (WW) Warning, couldn't open module vesa
[    23.762] (EE) Failed to load module "vesa" (module does not exist, 0)
[    23.762] (II) modesetting: Driver for Modesetting Kernel Drivers: kms
[    23.762] (--) using VT number 2

[    23.774] (II) modeset(0): using drv /dev/dri/card0
[    23.775] (II) modeset(0): Creating default Display subsection in Screen section
	"Default Screen Section" for depth/fbbpp 24/32
[    23.775] (==) modeset(0): Depth 24, (==) framebuffer bpp 32
[    23.775] (II) Applying OutputClass "Fix AMD Tearing and add VRR" options to /dev/dri/card0
[    23.775] (**) modeset(0): Option "VariableRefresh" "true"
[    23.775] (==) modeset(0): RGB weight 888
[    23.775] (==) modeset(0): Default visual is TrueColor
[    23.775] (II) Loading sub module "glamoregl"
[    23.775] (II) LoadModule: "glamoregl"
[    23.775] (II) Loading /usr/lib/xorg/modules/libglamoregl.so
[    23.786] (II) Module glamoregl: vendor="X.Org Foundation"
[    23.786] 	compiled for 1.21.1.14, module version = 1.0.1
[    23.786] 	ABI class: X.Org ANSI C Emulation, version 0.4
[    23.872] (II) modeset(0): glamor X acceleration enabled on AMD Radeon R7 Graphics (radeonsi, carrizo, ACO, DRM 3.63, 6.15.11)
[    23.872] (II) modeset(0): glamor initialized
[    23.872] (**) modeset(0): VariableRefresh: enabled
[    23.872] (==) modeset(0): AsyncFlipSecondaries: disabled
[    23.893] (II) modeset(0): Output DP-1 has no monitor section
[    23.913] (II) modeset(0): Output DP-2 has no monitor section
[    23.915] (II) modeset(0): Output HDMI-1 has no monitor section
[    23.928] (II) modeset(0): EDID for output DP-1
[    23.928] (II) modeset(0): Printing probed modes for output DP-1
[    23.928] (II) modeset(0): Modeline "640x480"x59.9   25.18  640 656 752 800  480 490 492 525 -hsync -vsync (31.5 kHz eP)
[    23.928] (II) modeset(0): Modeline "1024x768"x60.0   65.00  1024 1048 1184 1344  768 771 777 806 -hsync -vsync (48.4 kHz e)
[    23.928] (II) modeset(0): Modeline "1024x576"x59.9   46.50  1024 1064 1160 1296  576 579 584 599 -hsync +vsync (35.9 kHz d)
[    23.928] (II) modeset(0): Modeline "1024x576"x59.8   42.00  1024 1072 1104 1184  576 579 584 593 +hsync -vsync (35.5 kHz d)
[    23.928] (II) modeset(0): Modeline "960x600"x119.9   96.62  960 1028 1128 1296  600 601 604 622 doublescan -hsync +vsync (74.6 kHz d)
[    23.928] (II) modeset(0): Modeline "960x540"x59.6   40.75  960 992 1088 1216  540 543 548 562 -hsync +vsync (33.5 kHz d)
[    23.928] (II) modeset(0): Modeline "960x540"x59.8   37.25  960 1008 1040 1120  540 543 548 556 +hsync -vsync (33.3 kHz d)
[    23.928] (II) modeset(0): Modeline "800x600"x60.3   40.00  800 840 968 1056  600 601 605 628 +hsync +vsync (37.9 kHz e)
[    23.928] (II) modeset(0): Modeline "800x600"x56.2   36.00  800 824 896 1024  600 601 603 625 +hsync +vsync (35.2 kHz e)
[    23.928] (II) modeset(0): Modeline "840x525"x119.8   59.50  840 864 880 920  525 526 529 540 doublescan +hsync -vsync (64.7 kHz d)
[    23.928] (II) modeset(0): Modeline "864x486"x59.9   32.50  864 888 968 1072  486 489 494 506 -hsync +vsync (30.3 kHz d)
[    23.928] (II) modeset(0): Modeline "864x486"x59.6   30.50  864 912 944 1024  486 489 494 500 +hsync -vsync (29.8 kHz d)
[    23.928] (II) modeset(0): Modeline "848x480"x60.0   33.75  848 864 976 1088  480 486 494 517 +hsync +vsync (31.0 kHz e)
[    23.928] (II) modeset(0): Modeline "800x450"x119.9   59.12  800 848 928 1056  450 451 454 467 doublescan -hsync +vsync (56.0 kHz d)
[    23.928] (II) modeset(0): Modeline "800x450"x119.6   48.75  800 824 840 880  450 451 454 463 doublescan +hsync -vsync (55.4 kHz d)
[    23.928] (II) modeset(0): Modeline "700x450"x119.9   51.75  700 740 812 924  450 451 456 467 doublescan -hsync +vsync (56.0 kHz d)
[    23.928] (II) modeset(0): Modeline "700x450"x119.8   43.25  700 724 740 780  450 451 456 463 doublescan +hsync -vsync (55.4 kHz d)
[    23.928] (II) modeset(0): Modeline "720x405"x59.5   22.50  720 744 808 896  405 408 413 422 -hsync +vsync (25.1 kHz d)
[    23.928] (II) modeset(0): Modeline "720x405"x59.0   21.75  720 768 800 880  405 408 413 419 +hsync -vsync (24.7 kHz d)
[    23.928] (II) modeset(0): Modeline "684x384"x119.8   42.62  684 720 788 892  384 385 390 399 doublescan -hsync +vsync (47.8 kHz d)
[    23.928] (II) modeset(0): Modeline "684x384"x119.7   36.12  684 708 724 764  384 385 390 395 doublescan +hsync -vsync (47.3 kHz d)
[    23.928] (II) modeset(0): Modeline "640x400"x119.8   41.75  640 676 740 840  400 401 404 415 doublescan -hsync +vsync (49.7 kHz d)
[    23.928] (II) modeset(0): Modeline "640x400"x120.0   35.50  640 664 680 720  400 401 404 411 doublescan +hsync -vsync (49.3 kHz d)
[    23.928] (II) modeset(0): Modeline "640x360"x119.7   37.25  640 672 736 832  360 361 364 374 doublescan -hsync +vsync (44.8 kHz d)
[    23.928] (II) modeset(0): Modeline "640x360"x119.7   31.88  640 664 680 720  360 361 364 370 doublescan +hsync -vsync (44.3 kHz d)
[    23.928] (II) modeset(0): Modeline "640x360"x59.8   18.00  640 664 720 800  360 363 368 376 -hsync +vsync (22.5 kHz d)
[    23.928] (II) modeset(0): Modeline "640x360"x59.3   17.75  640 688 720 800  360 363 368 374 +hsync -vsync (22.2 kHz d)
[    23.928] (II) modeset(0): Modeline "512x384"x120.0   32.50  512 524 592 672  384 385 388 403 doublescan -hsync -vsync (48.4 kHz d)
[    23.928] (II) modeset(0): Modeline "512x288"x120.0   23.25  512 532 580 648  288 289 292 299 doublescan -hsync +vsync (35.9 kHz d)
[    23.929] (II) modeset(0): Modeline "512x288"x119.8   21.00  512 536 552 592  288 289 292 296 doublescan +hsync -vsync (35.5 kHz d)
[    23.929] (II) modeset(0): Modeline "480x270"x119.3   20.38  480 496 544 608  270 271 274 281 doublescan -hsync +vsync (33.5 kHz d)
[    23.929] (II) modeset(0): Modeline "480x270"x119.6   18.62  480 504 520 560  270 271 274 278 doublescan +hsync -vsync (33.3 kHz d)
[    23.929] (II) modeset(0): Modeline "400x300"x120.6   20.00  400 420 484 528  300 300 302 314 doublescan +hsync +vsync (37.9 kHz d)
[    23.929] (II) modeset(0): Modeline "400x300"x112.7   18.00  400 412 448 512  300 300 301 312 doublescan +hsync +vsync (35.2 kHz d)
[    23.929] (II) modeset(0): Modeline "432x243"x119.8   16.25  432 444 484 536  243 244 247 253 doublescan -hsync +vsync (30.3 kHz d)
[    23.929] (II) modeset(0): Modeline "432x243"x119.1   15.25  432 456 472 512  243 244 247 250 doublescan +hsync -vsync (29.8 kHz d)
[    23.929] (II) modeset(0): Modeline "320x240"x120.1   12.59  320 328 376 400  240 245 246 262 doublescan -hsync -vsync (31.5 kHz d)
[    23.929] (II) modeset(0): Modeline "360x202"x119.0   11.25  360 372 404 448  202 204 206 211 doublescan -hsync +vsync (25.1 kHz d)
[    23.929] (II) modeset(0): Modeline "360x202"x118.3   10.88  360 384 400 440  202 204 206 209 doublescan +hsync -vsync (24.7 kHz d)
[    23.929] (II) modeset(0): Modeline "320x180"x119.7    9.00  320 332 360 400  180 181 184 188 doublescan -hsync +vsync (22.5 kHz d)
[    23.929] (II) modeset(0): Modeline "320x180"x118.6    8.88  320 344 360 400  180 181 184 187 doublescan +hsync -vsync (22.2 kHz d)
[    23.950] (II) modeset(0): EDID for output DP-2
[    23.952] (II) modeset(0): EDID for output HDMI-1
[    23.952] (II) modeset(0): Output DP-1 connected
[    23.952] (II) modeset(0): Output DP-2 disconnected
[    23.952] (II) modeset(0): Output HDMI-1 disconnected
[    23.952] (II) modeset(0): Using exact sizes for initial modes
[    23.952] (II) modeset(0): Output DP-1 using initial mode 640x480 +0+0
[    23.952] (==) modeset(0): Using gamma correction (1.0, 1.0, 1.0)
[    23.952] (==) modeset(0): DPI set to (96, 96)
[    23.952] (II) Loading sub module "fb"
[    23.952] (II) LoadModule: "fb"
[    23.952] (II) Module "fb" already built-in
[    24.046] (==) modeset(0): Backing store enabled
[    24.046] (==) modeset(0): Silken mouse enabled
[    24.047] (II) modeset(0): Initializing kms color map for depth 24, 8 bpc.
[    24.047] (==) modeset(0): DPMS enabled
[    24.047] (WW) modeset(0): Option "TearFree" is not used
[    24.047] (WW) modeset(0): Option "AllowExternalGpus" is not used
[    24.047] (II) modeset(0): [DRI2] Setup complete
[    24.047] (II) modeset(0): [DRI2]   DRI driver: radeonsi
[    24.047] (II) modeset(0): [DRI2]   VDPAU driver: radeonsi
[    24.047] (II) Initializing extension Generic Event Extension
[    24.047] (II) Initializing extension SHAPE
[    24.047] (II) Initializing extension MIT-SHM
[    24.047] (II) Initializing extension XInputExtension
[    24.047] (II) Initializing extension XTEST
[    24.047] (II) Initializing extension BIG-REQUESTS
[    24.047] (II) Initializing extension SYNC
[    24.047] (II) Initializing extension XKEYBOARD
[    24.047] (II) Initializing extension XC-MISC
[    24.047] (II) Initializing extension XFIXES
[    24.047] (II) Initializing extension RENDER
[    24.047] (II) Initializing extension RANDR
[    24.047] (II) Initializing extension COMPOSITE
[    24.047] (II) Initializing extension DAMAGE
[    24.047] (II) Initializing extension MIT-SCREEN-SAVER
[    24.047] (II) Initializing extension DOUBLE-BUFFER
[    24.047] (II) Initializing extension RECORD
[    24.047] (II) Initializing extension DPMS
[    24.047] (II) Initializing extension Present
[    24.047] (II) Initializing extension DRI3
[    24.047] (II) Initializing extension X-Resource
[    24.047] (II) Initializing extension XVideo
[    24.047] (II) Initializing extension XVideo-MotionCompensation
[    24.047] (II) Initializing extension GLX
[    24.068] (II) AIGLX: Loaded and initialized radeonsi
[    24.068] (II) GLX: Initialized DRI2 GL provider for screen 0
[    24.068] (II) Initializing extension XFree86-VidModeExtension
[    24.068] (II) Initializing extension XFree86-DGA
[    24.068] (II) Initializing extension XFree86-DRI
[    24.068] (II) Initializing extension DRI2
[    24.069] (II) modeset(0): Damage tracking initialized
[    24.069] (II) modeset(0): Setting screen physical size to 169 x 127
[    24.161] (II) config/udev: Adding input device Power Button (/dev/input/event1)
[    24.161] (**) Power Button: Applying InputClass "evdev keyboard catchall"
[    24.161] (**) Power Button: Applying InputClass "libinput keyboard catchall"
[    24.161] (II) LoadModule: "libinput"
[    24.161] (II) Loading /usr/lib/xorg/modules/input/libinput_drv.so
[    24.162] (II) Module libinput: vendor="X.Org Foundation"
[    24.162] 	compiled for 1.21.1.14, module version = 1.4.0
[    24.162] 	Module class: X.Org XInput Driver
[    24.162] 	ABI class: X.Org XInput driver, version 24.4
[    24.162] (II) Using input driver 'libinput' for 'Power Button'
[    24.162] (**) Power Button: always reports core events
[    24.162] (**) Option "Device" "/dev/input/event1"
[    24.172] (II) event1  - Power Button: is tagged by udev as: Keyboard
[    24.172] (II) event1  - Power Button: device is a keyboard
[    24.172] (II) event1  - Power Button: device removed
[    24.197] (**) Option "config_info" "udev:/sys/devices/LNXSYSTM:00/LNXPWRBN:00/input/input1/event1"
[    24.197] (II) XINPUT: Adding extended input device "Power Button" (type: KEYBOARD, id 6)
[    24.197] (II) event1  - Power Button: is tagged by udev as: Keyboard
[    24.197] (II) event1  - Power Button: device is a keyboard
[    24.198] (II) config/udev: Adding input device Video Bus (/dev/input/event4)
[    24.198] (**) Video Bus: Applying InputClass "evdev keyboard catchall"
[    24.198] (**) Video Bus: Applying InputClass "libinput keyboard catchall"
[    24.198] (II) Using input driver 'libinput' for 'Video Bus'
[    24.198] (**) Video Bus: always reports core events
[    24.198] (**) Option "Device" "/dev/input/event4"
[    24.198] (II) event4  - Video Bus: is tagged by udev as: Keyboard
[    24.199] (II) event4  - Video Bus: device is a keyboard
[    24.199] (II) event4  - Video Bus: device removed
[    24.223] (**) Option "config_info" "udev:/sys/devices/LNXSYSTM:00/LNXSYBUS:00/PNP0A08:00/LNXVIDEO:00/input/input5/event4"
[    24.223] (II) XINPUT: Adding extended input device "Video Bus" (type: KEYBOARD, id 7)
[    24.224] (II) event4  - Video Bus: is tagged by udev as: Keyboard
[    24.224] (II) event4  - Video Bus: device is a keyboard
[    24.224] (II) config/udev: Adding input device Power Button (/dev/input/event0)
[    24.224] (**) Power Button: Applying InputClass "evdev keyboard catchall"
[    24.224] (**) Power Button: Applying InputClass "libinput keyboard catchall"
[    24.224] (II) Using input driver 'libinput' for 'Power Button'
[    24.224] (**) Power Button: always reports core events
[    24.224] (**) Option "Device" "/dev/input/event0"
[    24.225] (II) event0  - Power Button: is tagged by udev as: Keyboard
[    24.225] (II) event0  - Power Button: device is a keyboard
[    24.225] (II) event0  - Power Button: device removed
[    24.246] (**) Option "config_info" "udev:/sys/devices/LNXSYSTM:00/LNXSYBUS:00/PNP0C0C:00/input/input0/event0"
[    24.246] (II) XINPUT: Adding extended input device "Power Button" (type: KEYBOARD, id 8)
[    24.247] (II) event0  - Power Button: is tagged by udev as: Keyboard
[    24.247] (II) event0  - Power Button: device is a keyboard
[    24.248] (II) config/udev: Adding input device HDA ATI HDMI HDMI/DP,pcm=8 (/dev/input/event10)
[    24.248] (II) No input driver specified, ignoring this device.
[    24.248] (II) This device may have been added with another device file.
[    24.248] (II) config/udev: Adding input device HDA ATI HDMI HDMI/DP,pcm=3 (/dev/input/event8)
[    24.248] (II) No input driver specified, ignoring this device.
[    24.248] (II) This device may have been added with another device file.
[    24.249] (II) config/udev: Adding input device HDA ATI HDMI HDMI/DP,pcm=7 (/dev/input/event9)
[    24.249] (II) No input driver specified, ignoring this device.
[    24.249] (II) This device may have been added with another device file.
[    24.249] (II) config/udev: Adding input device HD-Audio Generic Mic (/dev/input/event11)
[    24.249] (II) No input driver specified, ignoring this device.
[    24.249] (II) This device may have been added with another device file.
[    24.249] (II) config/udev: Adding input device HD-Audio Generic Front Headphone (/dev/input/event12)
[    24.249] (II) No input driver specified, ignoring this device.
[    24.249] (II) This device may have been added with another device file.
[    24.249] (II) config/udev: Adding input device Razer Razer BlackWidow V3 Tenkeyless (/dev/input/event2)
[    24.249] (**) Razer Razer BlackWidow V3 Tenkeyless: Applying InputClass "evdev keyboard catchall"
[    24.249] (**) Razer Razer BlackWidow V3 Tenkeyless: Applying InputClass "libinput keyboard catchall"
[    24.249] (II) Using input driver 'libinput' for 'Razer Razer BlackWidow V3 Tenkeyless'
[    24.249] (**) Razer Razer BlackWidow V3 Tenkeyless: always reports core events
[    24.249] (**) Option "Device" "/dev/input/event2"
[    24.250] (II) event2  - Razer Razer BlackWidow V3 Tenkeyless: is tagged by udev as: Keyboard
[    24.251] (II) event2  - Razer Razer BlackWidow V3 Tenkeyless: device is a keyboard
[    24.251] (II) event2  - Razer Razer BlackWidow V3 Tenkeyless: device removed
[    24.263] (**) Option "config_info" "udev:/sys/devices/pci0000:00/0000:00:10.0/usb1/1-4/1-4:1.0/0003:1532:0A24.0001/input/input2/event2"
[    24.263] (II) XINPUT: Adding extended input device "Razer Razer BlackWidow V3 Tenkeyless" (type: KEYBOARD, id 9)
[    24.264] (II) event2  - Razer Razer BlackWidow V3 Tenkeyless: is tagged by udev as: Keyboard
[    24.264] (II) event2  - Razer Razer BlackWidow V3 Tenkeyless: device is a keyboard
[    24.265] (II) config/udev: Adding input device Razer Razer BlackWidow V3 Tenkeyless Keyboard (/dev/input/event3)
[    24.265] (**) Razer Razer BlackWidow V3 Tenkeyless Keyboard: Applying InputClass "evdev keyboard catchall"
[    24.265] (**) Razer Razer BlackWidow V3 Tenkeyless Keyboard: Applying InputClass "libinput keyboard catchall"
[    24.265] (II) Using input driver 'libinput' for 'Razer Razer BlackWidow V3 Tenkeyless Keyboard'
[    24.265] (**) Razer Razer BlackWidow V3 Tenkeyless Keyboard: always reports core events
[    24.265] (**) Option "Device" "/dev/input/event3"
[    24.266] (II) event3  - Razer Razer BlackWidow V3 Tenkeyless Keyboard: is tagged by udev as: Keyboard
[    24.266] (II) event3  - Razer Razer BlackWidow V3 Tenkeyless Keyboard: device is a keyboard
[    24.267] (II) event3  - Razer Razer BlackWidow V3 Tenkeyless Keyboard: device removed
[    24.286] (II) libinput: Razer Razer BlackWidow V3 Tenkeyless Keyboard: needs a virtual subdevice
[    24.286] (**) Option "config_info" "udev:/sys/devices/pci0000:00/0000:00:10.0/usb1/1-4/1-4:1.1/0003:1532:0A24.0002/input/input3/event3"
[    24.286] (II) XINPUT: Adding extended input device "Razer Razer BlackWidow V3 Tenkeyless Keyboard" (type: MOUSE, id 10)
[    24.287] (**) Option "AccelerationScheme" "none"
[    24.287] (**) Razer Razer BlackWidow V3 Tenkeyless Keyboard: (accel) selected scheme none/0
[    24.287] (**) Razer Razer BlackWidow V3 Tenkeyless Keyboard: (accel) acceleration factor: 2.000
[    24.287] (**) Razer Razer BlackWidow V3 Tenkeyless Keyboard: (accel) acceleration threshold: 4
[    24.288] (II) event3  - Razer Razer BlackWidow V3 Tenkeyless Keyboard: is tagged by udev as: Keyboard
[    24.288] (II) event3  - Razer Razer BlackWidow V3 Tenkeyless Keyboard: device is a keyboard
[    24.288] (II) config/udev: Adding input device Razer Razer BlackWidow V3 Tenkeyless (/dev/input/event5)
[    24.288] (II) No input driver specified, ignoring this device.
[    24.288] (II) This device may have been added with another device file.
[    24.289] (II) config/udev: Adding input device Razer Razer BlackWidow V3 Tenkeyless (/dev/input/event6)
[    24.289] (**) Razer Razer BlackWidow V3 Tenkeyless: Applying InputClass "evdev pointer catchall"
[    24.289] (**) Razer Razer BlackWidow V3 Tenkeyless: Applying InputClass "libinput pointer catchall"
[    24.289] (II) Using input driver 'libinput' for 'Razer Razer BlackWidow V3 Tenkeyless'
[    24.289] (**) Razer Razer BlackWidow V3 Tenkeyless: always reports core events
[    24.289] (**) Option "Device" "/dev/input/event6"
[    24.290] (II) event6  - Razer Razer BlackWidow V3 Tenkeyless: is tagged by udev as: Mouse
[    24.290] (II) event6  - Razer Razer BlackWidow V3 Tenkeyless: device is a pointer
[    24.290] (II) event6  - Razer Razer BlackWidow V3 Tenkeyless: device removed
[    24.300] (II) libinput: Razer Razer BlackWidow V3 Tenkeyless: Step value 0 was provided, libinput Fallback acceleration function is used.
[    24.300] (II) libinput: Razer Razer BlackWidow V3 Tenkeyless: Step value 0 was provided, libinput Fallback acceleration function is used.
[    24.300] (II) libinput: Razer Razer BlackWidow V3 Tenkeyless: Step value 0 was provided, libinput Fallback acceleration function is used.
[    24.300] (**) Option "config_info" "udev:/sys/devices/pci0000:00/0000:00:10.0/usb1/1-4/1-4:1.2/0003:1532:0A24.0003/input/input6/event6"
[    24.300] (II) XINPUT: Adding extended input device "Razer Razer BlackWidow V3 Tenkeyless" (type: MOUSE, id 11)
[    24.300] (**) Option "AccelerationScheme" "none"
[    24.300] (**) Razer Razer BlackWidow V3 Tenkeyless: (accel) selected scheme none/0
[    24.300] (**) Razer Razer BlackWidow V3 Tenkeyless: (accel) acceleration factor: 2.000
[    24.300] (**) Razer Razer BlackWidow V3 Tenkeyless: (accel) acceleration threshold: 4
[    24.301] (II) event6  - Razer Razer BlackWidow V3 Tenkeyless: is tagged by udev as: Mouse
[    24.301] (II) event6  - Razer Razer BlackWidow V3 Tenkeyless: device is a pointer
[    24.302] (II) config/udev: Adding input device Razer Razer BlackWidow V3 Tenkeyless Consumer Control (/dev/input/event7)
[    24.302] (**) Razer Razer BlackWidow V3 Tenkeyless Consumer Control: Applying InputClass "evdev keyboard catchall"
[    24.302] (**) Razer Razer BlackWidow V3 Tenkeyless Consumer Control: Applying InputClass "libinput keyboard catchall"
[    24.302] (II) Using input driver 'libinput' for 'Razer Razer BlackWidow V3 Tenkeyless Consumer Control'
[    24.302] (**) Razer Razer BlackWidow V3 Tenkeyless Consumer Control: always reports core events
[    24.302] (**) Option "Device" "/dev/input/event7"
[    24.303] (II) event7  - Razer Razer BlackWidow V3 Tenkeyless Consumer Control: is tagged by udev as: Keyboard
[    24.303] (II) event7  - Razer Razer BlackWidow V3 Tenkeyless Consumer Control: device is a keyboard
[    24.303] (II) event7  - Razer Razer BlackWidow V3 Tenkeyless Consumer Control: device removed
[    24.326] (**) Option "config_info" "udev:/sys/devices/pci0000:00/0000:00:10.0/usb1/1-4/1-4:1.3/0003:1532:0A24.0004/input/input7/event7"
[    24.326] (II) XINPUT: Adding extended input device "Razer Razer BlackWidow V3 Tenkeyless Consumer Control" (type: KEYBOARD, id 12)
[    24.328] (II) event7  - Razer Razer BlackWidow V3 Tenkeyless Consumer Control: is tagged by udev as: Keyboard
[    24.328] (II) event7  - Razer Razer BlackWidow V3 Tenkeyless Consumer Control: device is a keyboard
[    24.330] (II) config/udev: Adding input device HP WMI hotkeys (/dev/input/event13)
[    24.330] (**) HP WMI hotkeys: Applying InputClass "evdev keyboard catchall"
[    24.330] (**) HP WMI hotkeys: Applying InputClass "libinput keyboard catchall"
[    24.330] (II) Using input driver 'libinput' for 'HP WMI hotkeys'
[    24.330] (**) HP WMI hotkeys: always reports core events
[    24.330] (**) Option "Device" "/dev/input/event13"
[    24.330] (II) event13 - HP WMI hotkeys: is tagged by udev as: Keyboard Switch
[    24.330] (II) event13 - HP WMI hotkeys: device is a keyboard
[    24.331] (II) event13 - HP WMI hotkeys: device removed
[    24.386] (**) Option "config_info" "udev:/sys/devices/virtual/input/input13/event13"
[    24.386] (II) XINPUT: Adding extended input device "HP WMI hotkeys" (type: KEYBOARD, id 13)
[    24.387] (II) event13 - HP WMI hotkeys: is tagged by udev as: Keyboard Switch
[    24.387] (II) event13 - HP WMI hotkeys: device is a keyboard
[    24.390] (**) Razer Razer BlackWidow V3 Tenkeyless Keyboard: Applying InputClass "evdev keyboard catchall"
[    24.390] (**) Razer Razer BlackWidow V3 Tenkeyless Keyboard: Applying InputClass "libinput keyboard catchall"
[    24.390] (II) Using input driver 'libinput' for 'Razer Razer BlackWidow V3 Tenkeyless Keyboard'
[    24.390] (**) Razer Razer BlackWidow V3 Tenkeyless Keyboard: always reports core events
[    24.390] (**) Option "Device" "/dev/input/event3"
[    24.390] (II) libinput: Razer Razer BlackWidow V3 Tenkeyless Keyboard: is a virtual subdevice
[    24.390] (**) Option "config_info" "udev:/sys/devices/pci0000:00/0000:00:10.0/usb1/1-4/1-4:1.1/0003:1532:0A24.0002/input/input3/event3"
[    24.390] (II) XINPUT: Adding extended input device "Razer Razer BlackWidow V3 Tenkeyless Keyboard" (type: KEYBOARD, id 14)
[    26.457] (II) config/udev: Adding input device batocera hotkeys (/dev/input/event14)
[    26.457] (**) batocera hotkeys: Applying InputClass "evdev keyboard catchall"
[    26.457] (**) batocera hotkeys: Applying InputClass "libinput keyboard catchall"
[    26.457] (II) Using input driver 'libinput' for 'batocera hotkeys'
[    26.457] (**) batocera hotkeys: always reports core events
[    26.457] (**) Option "Device" "/dev/input/event14"
[    26.458] (II) event14 - batocera hotkeys: is tagged by udev as: Keyboard
[    26.458] (II) event14 - batocera hotkeys: device is a keyboard
[    26.458] (II) event14 - batocera hotkeys: device removed
[    26.486] (**) Option "config_info" "udev:/sys/devices/virtual/input/input14/event14"
[    26.486] (II) XINPUT: Adding extended input device "batocera hotkeys" (type: KEYBOARD, id 15)
[    26.487] (II) event14 - batocera hotkeys: is tagged by udev as: Keyboard
[    26.487] (II) event14 - batocera hotkeys: device is a keyboard
