[    23.102] 
X.Org X Server 1.21.1.14
X Protocol Version 11, Revision 0
[    23.102] Current Operating System: Linux BATOCERA 6.15.11 #1 SMP PREEMPT_DYNAMIC Mon Oct  6 13:09:20 Europe 2025 x86_64
[    23.102] Kernel command line: BOOT_IMAGE=/boot/linux label=BATOCERA console=tty3 quiet loglevel=0 vt.global_cursor_default=0 initrd=/boot/initrd.gz
[    23.102]  
[    23.102] Current version of pixman: 0.43.4
[    23.102] 	Before reporting problems, check http://wiki.x.org
	to make sure that you have the latest version.
[    23.102] Markers: (--) probed, (**) from config file, (==) default setting,
	(++) from command line, (!!) notice, (II) informational,
	(WW) warning, (EE) error, (NI) not implemented, (??) unknown.
[    23.103] (==) Log file: "/var/log/Xorg.0.log", Time: Thu Mar 26 01:41:09 2026
[    23.104] (==) Using config directory: "/etc/X11/xorg.conf.d"
[    23.104] (==) Using system config directory "/usr/share/X11/xorg.conf.d"
[    23.105] (==) No Layout section.  Using the first Screen section.
[    23.105] (==) No screen section available. Using defaults.
[    23.105] (**) |-->Screen "Default Screen Section" (0)
[    23.105] (**) |   |-->Monitor "<default monitor>"
[    23.105] (==) No device specified for screen "Default Screen Section".
	Using the first device section listed.
[    23.105] (**) |   |-->Device "Device0"
[    23.105] (==) No monitor specified for screen "Default Screen Section".
	Using a default monitor configuration.
[    23.105] (**) Allowing byte-swapped clients
[    23.105] (==) Automatically adding devices
[    23.105] (==) Automatically enabling devices
[    23.105] (==) Automatically adding GPU devices
[    23.105] (==) Automatically binding GPU devices
[    23.107] (==) Max clients allowed: 256, resource mask: 0x1fffff
[    23.108] (WW) The directory "/usr/share/fonts/X11//TTF/" does not exist.
[    23.108] 	Entry deleted from font path.
[    23.108] (WW) The directory "/usr/share/fonts/X11//OTF/" does not exist.
[    23.108] 	Entry deleted from font path.
[    23.108] (WW) The directory "/usr/share/fonts/X11//Type1/" does not exist.
[    23.108] 	Entry deleted from font path.
[    23.108] (WW) `fonts.dir' not found (or not valid) in "/usr/share/fonts/X11//100dpi/".
[    23.108] 	Entry deleted from font path.
[    23.108] 	(Run 'mkfontdir' on "/usr/share/fonts/X11//100dpi/").
[    23.108] (WW) `fonts.dir' not found (or not valid) in "/usr/share/fonts/X11//75dpi/".
[    23.108] 	Entry deleted from font path.
[    23.108] 	(Run 'mkfontdir' on "/usr/share/fonts/X11//75dpi/").
[    23.108] (==) FontPath set to:
	/usr/share/fonts/X11//misc/
[    23.108] (==) ModulePath set to "/usr/lib/xorg/modules"
[    23.108] (II) The server relies on udev to provide the list of input devices.
	If no devices become available, reconfigure udev or disable AutoAddDevices.
[    23.108] (II) Loader magic: 0x638d40
[    23.108] (II) Module ABI versions:
[    23.108] 	X.Org ANSI C Emulation: 0.4
[    23.108] 	X.Org Video Driver: 25.2
[    23.108] 	X.Org XInput driver : 24.4
[    23.108] 	X.Org Server Extension : 10.0
[    23.108] (II) xfree86: Adding drm device (/dev/dri/card0)
[    23.108] (II) Platform probe for /sys/devices/pci0000:00/0000:00:01.0/drm/card0
[    23.113] (--) PCI:*(0@0:1:0) 1002:9874:103c:8266 rev 228, Mem @ 0xe0000000/268435456, 0xf0000000/8388608, 0xf0c00000/262144, I/O @ 0x00003000/256, BIOS @ 0x????????/131072
[    23.113] (WW) Open ACPI failed (/var/run/acpid.socket) (Connection refused)
[    23.113] (II) LoadModule: "glx"
[    23.114] (II) Loading /usr/lib/xorg/modules/extensions/libglx.so
[    23.118] (II) Module glx: vendor="X.Org Foundation"
[    23.118] 	compiled for 1.21.1.14, module version = 1.0.0
[    23.118] 	ABI class: X.Org Server Extension, version 10.0
[    23.118] (II) Applying OutputClass "Fix AMD Tearing and add VRR" to /dev/dri/card0
[    23.118] 	loading driver: amdgpu
[    23.118] (==) Matched amdgpu as autoconfigured driver 0
[    23.118] (==) Matched ati as autoconfigured driver 1
[    23.118] (==) Matched modesetting as autoconfigured driver 2
[    23.118] (==) Matched fbdev as autoconfigured driver 3
[    23.118] (==) Matched vesa as autoconfigured driver 4
[    23.118] (==) Assigned the driver to the xf86ConfigLayout
[    23.118] (II) LoadModule: "amdgpu"
[    23.119] (WW) Warning, couldn't open module amdgpu
[    23.119] (EE) Failed to load module "amdgpu" (module does not exist, 0)
[    23.119] (II) LoadModule: "ati"
[    23.119] (II) Loading /usr/lib/xorg/modules/drivers/ati_drv.so
[    23.120] (II) Module ati: vendor="X.Org Foundation"
[    23.120] 	compiled for 1.21.1.14, module version = 22.0.0
[    23.120] 	Module class: X.Org Video Driver
[    23.120] 	ABI class: X.Org Video Driver, version 25.2
[    23.126] (II) LoadModule: "modesetting"
[    23.127] (II) Loading /usr/lib/xorg/modules/drivers/modesetting_drv.so
[    23.128] (II) Module modesetting: vendor="X.Org Foundation"
[    23.128] 	compiled for 1.21.1.14, module version = 1.21.1
[    23.128] 	Module class: X.Org Video Driver
[    23.128] 	ABI class: X.Org Video Driver, version 25.2
[    23.128] (II) LoadModule: "fbdev"
[    23.128] (WW) Warning, couldn't open module fbdev
[    23.128] (EE) Failed to load module "fbdev" (module does not exist, 0)
[    23.128] (II) LoadModule: "vesa"
[    23.128] (WW) Warning, couldn't open module vesa
[    23.128] (EE) Failed to load module "vesa" (module does not exist, 0)
[    23.128] (II) modesetting: Driver for Modesetting Kernel Drivers: kms
[    23.128] (--) using VT number 2

[    23.176] (II) modeset(0): using drv /dev/dri/card0
[    23.177] (II) modeset(0): Creating default Display subsection in Screen section
	"Default Screen Section" for depth/fbbpp 24/32
[    23.177] (==) modeset(0): Depth 24, (==) framebuffer bpp 32
[    23.177] (II) Applying OutputClass "Fix AMD Tearing and add VRR" options to /dev/dri/card0
[    23.177] (**) modeset(0): Option "VariableRefresh" "true"
[    23.177] (==) modeset(0): RGB weight 888
[    23.177] (==) modeset(0): Default visual is TrueColor
[    23.177] (II) Loading sub module "glamoregl"
[    23.177] (II) LoadModule: "glamoregl"
[    23.178] (II) Loading /usr/lib/xorg/modules/libglamoregl.so
[    23.184] (II) Module glamoregl: vendor="X.Org Foundation"
[    23.184] 	compiled for 1.21.1.14, module version = 1.0.1
[    23.184] 	ABI class: X.Org ANSI C Emulation, version 0.4
[    23.594] (II) modeset(0): glamor X acceleration enabled on AMD Radeon R7 Graphics (radeonsi, carrizo, ACO, DRM 3.63, 6.15.11)
[    23.594] (II) modeset(0): glamor initialized
[    23.594] (**) modeset(0): VariableRefresh: enabled
[    23.594] (==) modeset(0): AsyncFlipSecondaries: disabled
[    23.596] (II) modeset(0): Output DP-1 has no monitor section
[    23.596] (II) modeset(0): Output DP-2 has no monitor section
[    23.596] (II) modeset(0): Output HDMI-1 has no monitor section
[    23.597] (II) modeset(0): EDID for output DP-1
[    23.597] (II) modeset(0): Printing probed modes for output DP-1
[    23.597] (II) modeset(0): Modeline "640x480"x120.0   54.00  640 688 744 900  480 480 482 500 doublescan +hsync +vsync (60.0 kHz d)
[    23.597] (II) modeset(0): Modeline "640x480"x59.9   25.18  640 656 752 800  480 490 492 525 -hsync -vsync (31.5 kHz e)
[    23.597] (II) modeset(0): Modeline "640x400"x119.8   41.75  640 676 740 840  400 401 404 415 doublescan -hsync +vsync (49.7 kHz d)
[    23.597] (II) modeset(0): Modeline "640x400"x120.0   35.50  640 664 680 720  400 401 404 411 doublescan +hsync -vsync (49.3 kHz d)
[    23.597] (II) modeset(0): Modeline "640x360"x119.7   37.25  640 672 736 832  360 361 364 374 doublescan -hsync +vsync (44.8 kHz d)
[    23.597] (II) modeset(0): Modeline "640x360"x119.7   31.88  640 664 680 720  360 361 364 370 doublescan +hsync -vsync (44.3 kHz d)
[    23.597] (II) modeset(0): Modeline "640x360"x59.8   18.00  640 664 720 800  360 363 368 376 -hsync +vsync (22.5 kHz d)
[    23.597] (II) modeset(0): Modeline "640x360"x59.3   17.75  640 688 720 800  360 363 368 374 +hsync -vsync (22.2 kHz d)
[    23.597] (II) modeset(0): Modeline "512x384"x120.0   32.50  512 524 592 672  384 385 388 403 doublescan -hsync -vsync (48.4 kHz d)
[    23.597] (II) modeset(0): Modeline "512x288"x120.0   23.25  512 532 580 648  288 289 292 299 doublescan -hsync +vsync (35.9 kHz d)
[    23.597] (II) modeset(0): Modeline "512x288"x119.8   21.00  512 536 552 592  288 289 292 296 doublescan +hsync -vsync (35.5 kHz d)
[    23.597] (II) modeset(0): Modeline "480x270"x119.3   20.38  480 496 544 608  270 271 274 281 doublescan -hsync +vsync (33.5 kHz d)
[    23.597] (II) modeset(0): Modeline "480x270"x119.6   18.62  480 504 520 560  270 271 274 278 doublescan +hsync -vsync (33.3 kHz d)
[    23.597] (II) modeset(0): Modeline "400x300"x120.6   20.00  400 420 484 528  300 300 302 314 doublescan +hsync +vsync (37.9 kHz d)
[    23.597] (II) modeset(0): Modeline "400x300"x112.7   18.00  400 412 448 512  300 300 301 312 doublescan +hsync +vsync (35.2 kHz d)
[    23.597] (II) modeset(0): Modeline "432x243"x119.8   16.25  432 444 484 536  243 244 247 253 doublescan -hsync +vsync (30.3 kHz d)
[    23.597] (II) modeset(0): Modeline "432x243"x119.1   15.25  432 456 472 512  243 244 247 250 doublescan +hsync -vsync (29.8 kHz d)
[    23.597] (II) modeset(0): Modeline "320x240"x120.1   12.59  320 328 376 400  240 245 246 262 doublescan -hsync -vsync (31.5 kHz d)
[    23.597] (II) modeset(0): Modeline "360x202"x119.0   11.25  360 372 404 448  202 204 206 211 doublescan -hsync +vsync (25.1 kHz d)
[    23.597] (II) modeset(0): Modeline "360x202"x118.3   10.88  360 384 400 440  202 204 206 209 doublescan +hsync -vsync (24.7 kHz d)
[    23.597] (II) modeset(0): Modeline "320x180"x119.7    9.00  320 332 360 400  180 181 184 188 doublescan -hsync +vsync (22.5 kHz d)
[    23.597] (II) modeset(0): Modeline "320x180"x118.6    8.88  320 344 360 400  180 181 184 187 doublescan +hsync -vsync (22.2 kHz d)
[    23.597] (II) modeset(0): EDID for output DP-2
[    23.597] (II) modeset(0): EDID for output HDMI-1
[    23.597] (II) modeset(0): Output DP-1 connected
[    23.597] (II) modeset(0): Output DP-2 disconnected
[    23.597] (II) modeset(0): Output HDMI-1 disconnected
[    23.597] (II) modeset(0): Using exact sizes for initial modes
[    23.597] (II) modeset(0): Output DP-1 using initial mode 640x480 +0+0
[    23.597] (==) modeset(0): Using gamma correction (1.0, 1.0, 1.0)
[    23.597] (==) modeset(0): DPI set to (96, 96)
[    23.597] (II) Loading sub module "fb"
[    23.597] (II) LoadModule: "fb"
[    23.597] (II) Module "fb" already built-in
[    23.663] (==) modeset(0): Backing store enabled
[    23.663] (==) modeset(0): Silken mouse enabled
[    23.664] (II) modeset(0): Initializing kms color map for depth 24, 8 bpc.
[    23.664] (==) modeset(0): DPMS enabled
[    23.664] (WW) modeset(0): Option "TearFree" is not used
[    23.664] (WW) modeset(0): Option "AllowExternalGpus" is not used
[    23.664] (II) modeset(0): [DRI2] Setup complete
[    23.664] (II) modeset(0): [DRI2]   DRI driver: radeonsi
[    23.664] (II) modeset(0): [DRI2]   VDPAU driver: radeonsi
[    23.664] (II) Initializing extension Generic Event Extension
[    23.664] (II) Initializing extension SHAPE
[    23.664] (II) Initializing extension MIT-SHM
[    23.664] (II) Initializing extension XInputExtension
[    23.664] (II) Initializing extension XTEST
[    23.664] (II) Initializing extension BIG-REQUESTS
[    23.664] (II) Initializing extension SYNC
[    23.664] (II) Initializing extension XKEYBOARD
[    23.664] (II) Initializing extension XC-MISC
[    23.664] (II) Initializing extension XFIXES
[    23.664] (II) Initializing extension RENDER
[    23.664] (II) Initializing extension RANDR
[    23.664] (II) Initializing extension COMPOSITE
[    23.664] (II) Initializing extension DAMAGE
[    23.664] (II) Initializing extension MIT-SCREEN-SAVER
[    23.664] (II) Initializing extension DOUBLE-BUFFER
[    23.664] (II) Initializing extension RECORD
[    23.664] (II) Initializing extension DPMS
[    23.664] (II) Initializing extension Present
[    23.664] (II) Initializing extension DRI3
[    23.664] (II) Initializing extension X-Resource
[    23.664] (II) Initializing extension XVideo
[    23.664] (II) Initializing extension XVideo-MotionCompensation
[    23.664] (II) Initializing extension GLX
[    23.679] (II) AIGLX: Loaded and initialized radeonsi
[    23.679] (II) GLX: Initialized DRI2 GL provider for screen 0
[    23.679] (II) Initializing extension XFree86-VidModeExtension
[    23.679] (II) Initializing extension XFree86-DGA
[    23.679] (II) Initializing extension XFree86-DRI
[    23.679] (II) Initializing extension DRI2
[    23.680] (II) modeset(0): Damage tracking initialized
[    23.680] (II) modeset(0): Setting screen physical size to 169 x 127
[    23.768] (II) config/udev: Adding input device Power Button (/dev/input/event1)
[    23.768] (**) Power Button: Applying InputClass "evdev keyboard catchall"
[    23.768] (**) Power Button: Applying InputClass "libinput keyboard catchall"
[    23.768] (II) LoadModule: "libinput"
[    23.768] (II) Loading /usr/lib/xorg/modules/input/libinput_drv.so
[    23.769] (II) Module libinput: vendor="X.Org Foundation"
[    23.769] 	compiled for 1.21.1.14, module version = 1.4.0
[    23.769] 	Module class: X.Org XInput Driver
[    23.769] 	ABI class: X.Org XInput driver, version 24.4
[    23.769] (II) Using input driver 'libinput' for 'Power Button'
[    23.769] (**) Power Button: always reports core events
[    23.769] (**) Option "Device" "/dev/input/event1"
[    23.776] (II) event1  - Power Button: is tagged by udev as: Keyboard
[    23.776] (II) event1  - Power Button: device is a keyboard
[    23.776] (II) event1  - Power Button: device removed
[    23.796] (**) Option "config_info" "udev:/sys/devices/LNXSYSTM:00/LNXPWRBN:00/input/input1/event1"
[    23.796] (II) XINPUT: Adding extended input device "Power Button" (type: KEYBOARD, id 6)
[    23.797] (II) event1  - Power Button: is tagged by udev as: Keyboard
[    23.797] (II) event1  - Power Button: device is a keyboard
[    23.798] (II) config/udev: Adding input device Video Bus (/dev/input/event2)
[    23.798] (**) Video Bus: Applying InputClass "evdev keyboard catchall"
[    23.798] (**) Video Bus: Applying InputClass "libinput keyboard catchall"
[    23.798] (II) Using input driver 'libinput' for 'Video Bus'
[    23.798] (**) Video Bus: always reports core events
[    23.798] (**) Option "Device" "/dev/input/event2"
[    23.798] (II) event2  - Video Bus: is tagged by udev as: Keyboard
[    23.798] (II) event2  - Video Bus: device is a keyboard
[    23.799] (II) event2  - Video Bus: device removed
[    23.843] (**) Option "config_info" "udev:/sys/devices/LNXSYSTM:00/LNXSYBUS:00/PNP0A08:00/LNXVIDEO:00/input/input2/event2"
[    23.843] (II) XINPUT: Adding extended input device "Video Bus" (type: KEYBOARD, id 7)
[    23.844] (II) event2  - Video Bus: is tagged by udev as: Keyboard
[    23.844] (II) event2  - Video Bus: device is a keyboard
[    23.844] (II) config/udev: Adding input device Power Button (/dev/input/event0)
[    23.844] (**) Power Button: Applying InputClass "evdev keyboard catchall"
[    23.844] (**) Power Button: Applying InputClass "libinput keyboard catchall"
[    23.844] (II) Using input driver 'libinput' for 'Power Button'
[    23.844] (**) Power Button: always reports core events
[    23.844] (**) Option "Device" "/dev/input/event0"
[    23.845] (II) event0  - Power Button: is tagged by udev as: Keyboard
[    23.845] (II) event0  - Power Button: device is a keyboard
[    23.845] (II) event0  - Power Button: device removed
[    23.866] (**) Option "config_info" "udev:/sys/devices/LNXSYSTM:00/LNXSYBUS:00/PNP0C0C:00/input/input0/event0"
[    23.866] (II) XINPUT: Adding extended input device "Power Button" (type: KEYBOARD, id 8)
[    23.867] (II) event0  - Power Button: is tagged by udev as: Keyboard
[    23.867] (II) event0  - Power Button: device is a keyboard
[    23.868] (II) config/udev: Adding input device HDA ATI HDMI HDMI/DP,pcm=3 (/dev/input/event6)
[    23.868] (II) No input driver specified, ignoring this device.
[    23.868] (II) This device may have been added with another device file.
[    23.868] (II) config/udev: Adding input device HDA ATI HDMI HDMI/DP,pcm=7 (/dev/input/event8)
[    23.868] (II) No input driver specified, ignoring this device.
[    23.868] (II) This device may have been added with another device file.
[    23.868] (II) config/udev: Adding input device HDA ATI HDMI HDMI/DP,pcm=8 (/dev/input/event11)
[    23.868] (II) No input driver specified, ignoring this device.
[    23.868] (II) This device may have been added with another device file.
[    23.869] (II) config/udev: Adding input device HD-Audio Generic Mic (/dev/input/event9)
[    23.869] (II) No input driver specified, ignoring this device.
[    23.869] (II) This device may have been added with another device file.
[    23.869] (II) config/udev: Adding input device HD-Audio Generic Front Headphone (/dev/input/event10)
[    23.869] (II) No input driver specified, ignoring this device.
[    23.869] (II) This device may have been added with another device file.
[    23.869] (II) config/udev: Adding input device Razer Razer BlackWidow V3 Tenkeyless (/dev/input/event3)
[    23.869] (**) Razer Razer BlackWidow V3 Tenkeyless: Applying InputClass "evdev keyboard catchall"
[    23.869] (**) Razer Razer BlackWidow V3 Tenkeyless: Applying InputClass "libinput keyboard catchall"
[    23.869] (II) Using input driver 'libinput' for 'Razer Razer BlackWidow V3 Tenkeyless'
[    23.869] (**) Razer Razer BlackWidow V3 Tenkeyless: always reports core events
[    23.869] (**) Option "Device" "/dev/input/event3"
[    23.870] (II) event3  - Razer Razer BlackWidow V3 Tenkeyless: is tagged by udev as: Keyboard
[    23.870] (II) event3  - Razer Razer BlackWidow V3 Tenkeyless: device is a keyboard
[    23.870] (II) event3  - Razer Razer BlackWidow V3 Tenkeyless: device removed
[    23.890] (**) Option "config_info" "udev:/sys/devices/pci0000:00/0000:00:10.0/usb2/2-4/2-4:1.0/0003:1532:0A24.0001/input/input3/event3"
[    23.890] (II) XINPUT: Adding extended input device "Razer Razer BlackWidow V3 Tenkeyless" (type: KEYBOARD, id 9)
[    23.891] (II) event3  - Razer Razer BlackWidow V3 Tenkeyless: is tagged by udev as: Keyboard
[    23.891] (II) event3  - Razer Razer BlackWidow V3 Tenkeyless: device is a keyboard
[    23.891] (II) config/udev: Adding input device Razer Razer BlackWidow V3 Tenkeyless Keyboard (/dev/input/event4)
[    23.891] (**) Razer Razer BlackWidow V3 Tenkeyless Keyboard: Applying InputClass "evdev keyboard catchall"
[    23.891] (**) Razer Razer BlackWidow V3 Tenkeyless Keyboard: Applying InputClass "libinput keyboard catchall"
[    23.891] (II) Using input driver 'libinput' for 'Razer Razer BlackWidow V3 Tenkeyless Keyboard'
[    23.891] (**) Razer Razer BlackWidow V3 Tenkeyless Keyboard: always reports core events
[    23.891] (**) Option "Device" "/dev/input/event4"
[    23.892] (II) event4  - Razer Razer BlackWidow V3 Tenkeyless Keyboard: is tagged by udev as: Keyboard
[    23.892] (II) event4  - Razer Razer BlackWidow V3 Tenkeyless Keyboard: device is a keyboard
[    23.893] (II) event4  - Razer Razer BlackWidow V3 Tenkeyless Keyboard: device removed
[    23.906] (II) libinput: Razer Razer BlackWidow V3 Tenkeyless Keyboard: needs a virtual subdevice
[    23.906] (**) Option "config_info" "udev:/sys/devices/pci0000:00/0000:00:10.0/usb2/2-4/2-4:1.1/0003:1532:0A24.0002/input/input4/event4"
[    23.906] (II) XINPUT: Adding extended input device "Razer Razer BlackWidow V3 Tenkeyless Keyboard" (type: MOUSE, id 10)
[    23.906] (**) Option "AccelerationScheme" "none"
[    23.906] (**) Razer Razer BlackWidow V3 Tenkeyless Keyboard: (accel) selected scheme none/0
[    23.906] (**) Razer Razer BlackWidow V3 Tenkeyless Keyboard: (accel) acceleration factor: 2.000
[    23.906] (**) Razer Razer BlackWidow V3 Tenkeyless Keyboard: (accel) acceleration threshold: 4
[    23.907] (II) event4  - Razer Razer BlackWidow V3 Tenkeyless Keyboard: is tagged by udev as: Keyboard
[    23.907] (II) event4  - Razer Razer BlackWidow V3 Tenkeyless Keyboard: device is a keyboard
[    23.908] (II) config/udev: Adding input device Razer Razer BlackWidow V3 Tenkeyless (/dev/input/event5)
[    23.908] (II) No input driver specified, ignoring this device.
[    23.908] (II) This device may have been added with another device file.
[    23.908] (II) config/udev: Adding input device Razer Razer BlackWidow V3 Tenkeyless (/dev/input/event7)
[    23.908] (**) Razer Razer BlackWidow V3 Tenkeyless: Applying InputClass "evdev pointer catchall"
[    23.908] (**) Razer Razer BlackWidow V3 Tenkeyless: Applying InputClass "libinput pointer catchall"
[    23.908] (II) Using input driver 'libinput' for 'Razer Razer BlackWidow V3 Tenkeyless'
[    23.908] (**) Razer Razer BlackWidow V3 Tenkeyless: always reports core events
[    23.908] (**) Option "Device" "/dev/input/event7"
[    23.909] (II) event7  - Razer Razer BlackWidow V3 Tenkeyless: is tagged by udev as: Mouse
[    23.909] (II) event7  - Razer Razer BlackWidow V3 Tenkeyless: device is a pointer
[    23.909] (II) event7  - Razer Razer BlackWidow V3 Tenkeyless: device removed
[    23.956] (II) libinput: Razer Razer BlackWidow V3 Tenkeyless: Step value 0 was provided, libinput Fallback acceleration function is used.
[    23.956] (II) libinput: Razer Razer BlackWidow V3 Tenkeyless: Step value 0 was provided, libinput Fallback acceleration function is used.
[    23.956] (II) libinput: Razer Razer BlackWidow V3 Tenkeyless: Step value 0 was provided, libinput Fallback acceleration function is used.
[    23.956] (**) Option "config_info" "udev:/sys/devices/pci0000:00/0000:00:10.0/usb2/2-4/2-4:1.2/0003:1532:0A24.0003/input/input9/event7"
[    23.956] (II) XINPUT: Adding extended input device "Razer Razer BlackWidow V3 Tenkeyless" (type: MOUSE, id 11)
[    23.957] (**) Option "AccelerationScheme" "none"
[    23.957] (**) Razer Razer BlackWidow V3 Tenkeyless: (accel) selected scheme none/0
[    23.957] (**) Razer Razer BlackWidow V3 Tenkeyless: (accel) acceleration factor: 2.000
[    23.957] (**) Razer Razer BlackWidow V3 Tenkeyless: (accel) acceleration threshold: 4
[    23.958] (II) event7  - Razer Razer BlackWidow V3 Tenkeyless: is tagged by udev as: Mouse
[    23.958] (II) event7  - Razer Razer BlackWidow V3 Tenkeyless: device is a pointer
[    23.959] (II) config/udev: Adding input device Razer Razer BlackWidow V3 Tenkeyless Consumer Control (/dev/input/event12)
[    23.959] (**) Razer Razer BlackWidow V3 Tenkeyless Consumer Control: Applying InputClass "evdev keyboard catchall"
[    23.959] (**) Razer Razer BlackWidow V3 Tenkeyless Consumer Control: Applying InputClass "libinput keyboard catchall"
[    23.959] (II) Using input driver 'libinput' for 'Razer Razer BlackWidow V3 Tenkeyless Consumer Control'
[    23.959] (**) Razer Razer BlackWidow V3 Tenkeyless Consumer Control: always reports core events
[    23.959] (**) Option "Device" "/dev/input/event12"
[    23.960] (II) event12 - Razer Razer BlackWidow V3 Tenkeyless Consumer Control: is tagged by udev as: Keyboard
[    23.960] (II) event12 - Razer Razer BlackWidow V3 Tenkeyless Consumer Control: device is a keyboard
[    23.960] (II) event12 - Razer Razer BlackWidow V3 Tenkeyless Consumer Control: device removed
[    23.986] (**) Option "config_info" "udev:/sys/devices/pci0000:00/0000:00:10.0/usb2/2-4/2-4:1.3/0003:1532:0A24.0004/input/input12/event12"
[    23.986] (II) XINPUT: Adding extended input device "Razer Razer BlackWidow V3 Tenkeyless Consumer Control" (type: KEYBOARD, id 12)
[    23.987] (II) event12 - Razer Razer BlackWidow V3 Tenkeyless Consumer Control: is tagged by udev as: Keyboard
[    23.987] (II) event12 - Razer Razer BlackWidow V3 Tenkeyless Consumer Control: device is a keyboard
[    23.989] (II) config/udev: Adding input device HP WMI hotkeys (/dev/input/event13)
[    23.989] (**) HP WMI hotkeys: Applying InputClass "evdev keyboard catchall"
[    23.989] (**) HP WMI hotkeys: Applying InputClass "libinput keyboard catchall"
[    23.989] (II) Using input driver 'libinput' for 'HP WMI hotkeys'
[    23.989] (**) HP WMI hotkeys: always reports core events
[    23.989] (**) Option "Device" "/dev/input/event13"
[    23.990] (II) event13 - HP WMI hotkeys: is tagged by udev as: Keyboard Switch
[    23.990] (II) event13 - HP WMI hotkeys: device is a keyboard
[    23.990] (II) event13 - HP WMI hotkeys: device removed
[    24.006] (**) Option "config_info" "udev:/sys/devices/virtual/input/input13/event13"
[    24.006] (II) XINPUT: Adding extended input device "HP WMI hotkeys" (type: KEYBOARD, id 13)
[    24.007] (II) event13 - HP WMI hotkeys: is tagged by udev as: Keyboard Switch
[    24.007] (II) event13 - HP WMI hotkeys: device is a keyboard
[    24.010] (**) Razer Razer BlackWidow V3 Tenkeyless Keyboard: Applying InputClass "evdev keyboard catchall"
[    24.010] (**) Razer Razer BlackWidow V3 Tenkeyless Keyboard: Applying InputClass "libinput keyboard catchall"
[    24.010] (II) Using input driver 'libinput' for 'Razer Razer BlackWidow V3 Tenkeyless Keyboard'
[    24.010] (**) Razer Razer BlackWidow V3 Tenkeyless Keyboard: always reports core events
[    24.010] (**) Option "Device" "/dev/input/event4"
[    24.010] (II) libinput: Razer Razer BlackWidow V3 Tenkeyless Keyboard: is a virtual subdevice
[    24.010] (**) Option "config_info" "udev:/sys/devices/pci0000:00/0000:00:10.0/usb2/2-4/2-4:1.1/0003:1532:0A24.0002/input/input4/event4"
[    24.010] (II) XINPUT: Adding extended input device "Razer Razer BlackWidow V3 Tenkeyless Keyboard" (type: KEYBOARD, id 14)
[    44.852] (II) config/udev: Adding input device batocera hotkeys (/dev/input/event14)
[    44.852] (**) batocera hotkeys: Applying InputClass "evdev keyboard catchall"
[    44.852] (**) batocera hotkeys: Applying InputClass "libinput keyboard catchall"
[    44.852] (II) Using input driver 'libinput' for 'batocera hotkeys'
[    44.852] (**) batocera hotkeys: always reports core events
[    44.852] (**) Option "Device" "/dev/input/event14"
[    44.852] (II) event14 - batocera hotkeys: is tagged by udev as: Keyboard
[    44.852] (II) event14 - batocera hotkeys: device is a keyboard
[    44.853] (II) event14 - batocera hotkeys: device removed
[    44.873] (**) Option "config_info" "udev:/sys/devices/virtual/input/input14/event14"
[    44.873] (II) XINPUT: Adding extended input device "batocera hotkeys" (type: KEYBOARD, id 15)
[    44.874] (II) event14 - batocera hotkeys: is tagged by udev as: Keyboard
[    44.874] (II) event14 - batocera hotkeys: device is a keyboard
[    75.746] (WW) modeset(0): Present-flip: queue flip during flip on CRTC 0 failed: Device or resource busy
[    75.754] (WW) modeset(0): Present-flip: queue flip during flip on CRTC 0 failed: Device or resource busy
